%!Adobe-FontList 1.16
%Locale:0x419

%BeginFont
Handler:DirectoryHandler
FontType:TrueType
FontName:PFDinDisplayPro-Regular
FamilyName:PF DinDisplay Pro
StyleName:Regular
FullName:PFDinDisplayPro-Regular
MenuName:PF DinDisplay Pro
StyleBits:0
WritingScript:Roman
OutlineFileName:C:\Users\Iurie CIALA\Desktop\BestPeople\Website\Font\PFDinDisplayPro-Reg.ttf
DataFormat:sfntData
FileLength:430168
FileModTime:1511372775
WeightClass:400
WidthClass:5
AngleClass:0
NameArray:0,Mac,4,PFDinDisplayPro-Regular
NameArray:0,Win,1,PF DinDisplay Pro
%EndFont

